2025-03-08T12:16:23.842+05:30  INFO 7656 --- [EmployeePayrollApp] [restartedMain] c.e.E.EmployeePayrollAppApplication      : Starting EmployeePayrollAppApplication using Java 18.0.2.1 with PID 7656 (C:\Users\asus\Desktop\EmployeePayrollApp\target\classes started by root in C:\Users\asus\Desktop\EmployeePayrollApp)
2025-03-08T12:16:23.846+05:30 DEBUG 7656 --- [EmployeePayrollApp] [restartedMain] c.e.E.EmployeePayrollAppApplication      : Running with Spring Boot v3.4.3, Spring v6.2.3
2025-03-08T12:16:23.848+05:30  INFO 7656 --- [EmployeePayrollApp] [restartedMain] c.e.E.EmployeePayrollAppApplication      : The following 1 profile is active: "staging"
2025-03-08T12:16:23.944+05:30  INFO 7656 --- [EmployeePayrollApp] [restartedMain] .e.DevToolsPropertyDefaultsPostProcessor : Devtools property defaults active! Set 'spring.devtools.add-properties' to 'false' to disable
2025-03-08T12:16:23.944+05:30  INFO 7656 --- [EmployeePayrollApp] [restartedMain] .e.DevToolsPropertyDefaultsPostProcessor : For additional web related logging consider setting the 'logging.level.web' property to 'DEBUG'
2025-03-08T12:16:25.011+05:30  INFO 7656 --- [EmployeePayrollApp] [restartedMain] .s.d.r.c.RepositoryConfigurationDelegate : Bootstrapping Spring Data JPA repositories in DEFAULT mode.
2025-03-08T12:16:25.134+05:30  INFO 7656 --- [EmployeePayrollApp] [restartedMain] .s.d.r.c.RepositoryConfigurationDelegate : Finished Spring Data repository scanning in 94 ms. Found 1 JPA repository interface.
2025-03-08T12:16:26.271+05:30  INFO 7656 --- [EmployeePayrollApp] [restartedMain] o.s.b.w.embedded.tomcat.TomcatWebServer  : Tomcat initialized with port 8080 (http)
2025-03-08T12:16:26.294+05:30  INFO 7656 --- [EmployeePayrollApp] [restartedMain] o.apache.catalina.core.StandardService   : Starting service [Tomcat]
2025-03-08T12:16:26.295+05:30  INFO 7656 --- [EmployeePayrollApp] [restartedMain] o.apache.catalina.core.StandardEngine    : Starting Servlet engine: [Apache Tomcat/10.1.36]
2025-03-08T12:16:26.369+05:30  INFO 7656 --- [EmployeePayrollApp] [restartedMain] o.a.c.c.C.[Tomcat].[localhost].[/]       : Initializing Spring embedded WebApplicationContext
2025-03-08T12:16:26.370+05:30  INFO 7656 --- [EmployeePayrollApp] [restartedMain] w.s.c.ServletWebServerApplicationContext : Root WebApplicationContext: initialization completed in 2424 ms
2025-03-08T12:16:26.667+05:30  INFO 7656 --- [EmployeePayrollApp] [restartedMain] o.hibernate.jpa.internal.util.LogHelper  : HHH000204: Processing PersistenceUnitInfo [name: default]
2025-03-08T12:16:26.745+05:30  INFO 7656 --- [EmployeePayrollApp] [restartedMain] org.hibernate.Version                    : HHH000412: Hibernate ORM core version 6.6.8.Final
2025-03-08T12:16:26.797+05:30  INFO 7656 --- [EmployeePayrollApp] [restartedMain] o.h.c.internal.RegionFactoryInitiator    : HHH000026: Second-level cache disabled
2025-03-08T12:16:27.238+05:30  INFO 7656 --- [EmployeePayrollApp] [restartedMain] o.s.o.j.p.SpringPersistenceUnitInfo      : No LoadTimeWeaver setup: ignoring JPA class transformer
2025-03-08T12:16:27.280+05:30  INFO 7656 --- [EmployeePayrollApp] [restartedMain] com.zaxxer.hikari.HikariDataSource       : HikariPool-1 - Starting...
2025-03-08T12:16:27.637+05:30  INFO 7656 --- [EmployeePayrollApp] [restartedMain] com.zaxxer.hikari.pool.HikariPool        : HikariPool-1 - Added connection conn0: url=jdbc:h2:file:./data/employee_db user=SA
2025-03-08T12:16:27.639+05:30  INFO 7656 --- [EmployeePayrollApp] [restartedMain] com.zaxxer.hikari.HikariDataSource       : HikariPool-1 - Start completed.
2025-03-08T12:16:27.668+05:30  WARN 7656 --- [EmployeePayrollApp] [restartedMain] org.hibernate.orm.deprecation            : HHH90000025: H2Dialect does not need to be specified explicitly using 'hibernate.dialect' (remove the property setting and it will be selected by default)
2025-03-08T12:16:27.694+05:30  INFO 7656 --- [EmployeePayrollApp] [restartedMain] org.hibernate.orm.connections.pooling    : HHH10001005: Database info:
	Database JDBC URL [Connecting through datasource 'HikariDataSource (HikariPool-1)']
	Database driver: undefined/unknown
	Database version: 2.3.232
	Autocommit mode: undefined/unknown
	Isolation level: undefined/unknown
	Minimum pool size: undefined/unknown
	Maximum pool size: undefined/unknown
2025-03-08T12:16:28.618+05:30  INFO 7656 --- [EmployeePayrollApp] [restartedMain] o.h.e.t.j.p.i.JtaPlatformInitiator       : HHH000489: No JTA platform available (set 'hibernate.transaction.jta.platform' to enable JTA platform integration)
2025-03-08T12:16:28.673+05:30  INFO 7656 --- [EmployeePayrollApp] [restartedMain] j.LocalContainerEntityManagerFactoryBean : Initialized JPA EntityManagerFactory for persistence unit 'default'
2025-03-08T12:16:29.156+05:30  WARN 7656 --- [EmployeePayrollApp] [restartedMain] JpaBaseConfiguration$JpaWebConfiguration : spring.jpa.open-in-view is enabled by default. Therefore, database queries may be performed during view rendering. Explicitly configure spring.jpa.open-in-view to disable this warning
2025-03-08T12:16:29.356+05:30 DEBUG 7656 --- [EmployeePayrollApp] [restartedMain] s.w.s.m.m.a.RequestMappingHandlerMapping : 7 mappings in 'requestMappingHandlerMapping'
2025-03-08T12:16:29.544+05:30 DEBUG 7656 --- [EmployeePayrollApp] [restartedMain] o.s.w.s.handler.SimpleUrlHandlerMapping  : Patterns [/webjars/**, /**] in 'resourceHandlerMapping'
2025-03-08T12:16:29.598+05:30 DEBUG 7656 --- [EmployeePayrollApp] [restartedMain] s.w.s.m.m.a.RequestMappingHandlerAdapter : ControllerAdvice beans: 0 @ModelAttribute, 0 @InitBinder, 1 RequestBodyAdvice, 1 ResponseBodyAdvice
2025-03-08T12:16:29.663+05:30 DEBUG 7656 --- [EmployeePayrollApp] [restartedMain] .m.m.a.ExceptionHandlerExceptionResolver : ControllerAdvice beans: 0 @ExceptionHandler, 1 ResponseBodyAdvice
2025-03-08T12:16:29.714+05:30  INFO 7656 --- [EmployeePayrollApp] [restartedMain] o.s.b.a.h2.H2ConsoleAutoConfiguration    : H2 console available at '/h2-console'. Database available at 'jdbc:h2:file:./data/employee_db'
2025-03-08T12:16:29.819+05:30  INFO 7656 --- [EmployeePayrollApp] [restartedMain] o.s.b.d.a.OptionalLiveReloadServer       : LiveReload server is running on port 35729
2025-03-08T12:16:29.865+05:30  INFO 7656 --- [EmployeePayrollApp] [restartedMain] o.s.b.w.embedded.tomcat.TomcatWebServer  : Tomcat started on port 8080 (http) with context path '/'
2025-03-08T12:16:29.882+05:30  INFO 7656 --- [EmployeePayrollApp] [restartedMain] c.e.E.EmployeePayrollAppApplication      : Started EmployeePayrollAppApplication in 6.792 seconds (process running for 7.472)
2025-03-08T12:16:29.889+05:30  INFO 7656 --- [EmployeePayrollApp] [restartedMain] c.e.E.EmployeePayrollAppApplication      : Employee Payroll Application has started successuflly on port 8080
2025-03-08T12:16:42.207+05:30  INFO 7656 --- [EmployeePayrollApp] [http-nio-8080-exec-1] o.a.c.c.C.[Tomcat].[localhost].[/]       : Initializing Spring DispatcherServlet 'dispatcherServlet'
2025-03-08T12:16:42.208+05:30  INFO 7656 --- [EmployeePayrollApp] [http-nio-8080-exec-1] o.s.web.servlet.DispatcherServlet        : Initializing Servlet 'dispatcherServlet'
2025-03-08T12:16:42.208+05:30 DEBUG 7656 --- [EmployeePayrollApp] [http-nio-8080-exec-1] o.s.web.servlet.DispatcherServlet        : Detected StandardServletMultipartResolver
2025-03-08T12:16:42.208+05:30 DEBUG 7656 --- [EmployeePayrollApp] [http-nio-8080-exec-1] o.s.web.servlet.DispatcherServlet        : Detected AcceptHeaderLocaleResolver
2025-03-08T12:16:42.209+05:30 DEBUG 7656 --- [EmployeePayrollApp] [http-nio-8080-exec-1] o.s.web.servlet.DispatcherServlet        : Detected FixedThemeResolver
2025-03-08T12:16:42.210+05:30 DEBUG 7656 --- [EmployeePayrollApp] [http-nio-8080-exec-1] o.s.web.servlet.DispatcherServlet        : Detected org.springframework.web.servlet.view.DefaultRequestToViewNameTranslator@577b3ad7
2025-03-08T12:16:42.210+05:30 DEBUG 7656 --- [EmployeePayrollApp] [http-nio-8080-exec-1] o.s.web.servlet.DispatcherServlet        : Detected org.springframework.web.servlet.support.SessionFlashMapManager@664a04ed
2025-03-08T12:16:42.211+05:30 DEBUG 7656 --- [EmployeePayrollApp] [http-nio-8080-exec-1] o.s.web.servlet.DispatcherServlet        : enableLoggingRequestDetails='false': request parameters and headers will be masked to prevent unsafe logging of potentially sensitive data
2025-03-08T12:16:42.211+05:30  INFO 7656 --- [EmployeePayrollApp] [http-nio-8080-exec-1] o.s.web.servlet.DispatcherServlet        : Completed initialization in 3 ms
2025-03-08T12:16:42.224+05:30 DEBUG 7656 --- [EmployeePayrollApp] [http-nio-8080-exec-1] o.s.web.servlet.DispatcherServlet        : GET "/employees/get", parameters={}
2025-03-08T12:16:42.238+05:30 DEBUG 7656 --- [EmployeePayrollApp] [http-nio-8080-exec-1] s.w.s.m.m.a.RequestMappingHandlerMapping : Mapped to com.example.EmployeePayrollApp.controller.EmployeeController#getallEmployees()
2025-03-08T12:16:42.260+05:30  INFO 7656 --- [EmployeePayrollApp] [http-nio-8080-exec-1] c.e.E.controller.EmployeeController      : Fetching all employees 
2025-03-08T12:16:42.440+05:30  INFO 7656 --- [EmployeePayrollApp] [http-nio-8080-exec-1] c.e.E.controller.EmployeeController      : Total employees found:0
2025-03-08T12:16:42.469+05:30 DEBUG 7656 --- [EmployeePayrollApp] [http-nio-8080-exec-1] m.m.a.RequestResponseBodyMethodProcessor : Using 'application/json', given [*/*] and supported [application/json, application/*+json]
2025-03-08T12:16:42.472+05:30 DEBUG 7656 --- [EmployeePayrollApp] [http-nio-8080-exec-1] m.m.a.RequestResponseBodyMethodProcessor : Writing [[]]
2025-03-08T12:16:42.498+05:30 DEBUG 7656 --- [EmployeePayrollApp] [http-nio-8080-exec-1] o.s.web.servlet.DispatcherServlet        : Completed 200 OK
2025-03-08T12:17:04.330+05:30  INFO 7656 --- [EmployeePayrollApp] [SpringApplicationShutdownHook] o.s.b.w.e.tomcat.GracefulShutdown        : Commencing graceful shutdown. Waiting for active requests to complete
2025-03-08T12:17:04.485+05:30  INFO 7656 --- [EmployeePayrollApp] [tomcat-shutdown] o.s.b.w.e.tomcat.GracefulShutdown        : Graceful shutdown complete
2025-03-08T12:17:04.489+05:30  INFO 7656 --- [EmployeePayrollApp] [SpringApplicationShutdownHook] j.LocalContainerEntityManagerFactoryBean : Closing JPA EntityManagerFactory for persistence unit 'default'
2025-03-08T12:17:04.493+05:30  INFO 7656 --- [EmployeePayrollApp] [SpringApplicationShutdownHook] com.zaxxer.hikari.HikariDataSource       : HikariPool-1 - Shutdown initiated...
2025-03-08T12:17:04.495+05:30  INFO 7656 --- [EmployeePayrollApp] [SpringApplicationShutdownHook] com.zaxxer.hikari.HikariDataSource       : HikariPool-1 - Shutdown completed.
