2025-03-08T12:12:27.239+05:30  INFO 13932 --- [EmployeePayrollApp] [restartedMain] c.e.E.EmployeePayrollAppApplication      : Starting EmployeePayrollAppApplication using Java 18.0.2.1 with PID 13932 (C:\Users\asus\Desktop\EmployeePayrollApp\target\classes started by root in C:\Users\asus\Desktop\EmployeePayrollApp)
2025-03-08T12:12:27.242+05:30 DEBUG 13932 --- [EmployeePayrollApp] [restartedMain] c.e.E.EmployeePayrollAppApplication      : Running with Spring Boot v3.4.3, Spring v6.2.3
2025-03-08T12:12:27.243+05:30  INFO 13932 --- [EmployeePayrollApp] [restartedMain] c.e.E.EmployeePayrollAppApplication      : The following 1 profile is active: "dev"
2025-03-08T12:12:27.319+05:30  INFO 13932 --- [EmployeePayrollApp] [restartedMain] .e.DevToolsPropertyDefaultsPostProcessor : Devtools property defaults active! Set 'spring.devtools.add-properties' to 'false' to disable
2025-03-08T12:12:27.320+05:30  INFO 13932 --- [EmployeePayrollApp] [restartedMain] .e.DevToolsPropertyDefaultsPostProcessor : For additional web related logging consider setting the 'logging.level.web' property to 'DEBUG'
2025-03-08T12:12:28.481+05:30  INFO 13932 --- [EmployeePayrollApp] [restartedMain] .s.d.r.c.RepositoryConfigurationDelegate : Bootstrapping Spring Data JPA repositories in DEFAULT mode.
2025-03-08T12:12:28.591+05:30  INFO 13932 --- [EmployeePayrollApp] [restartedMain] .s.d.r.c.RepositoryConfigurationDelegate : Finished Spring Data repository scanning in 96 ms. Found 1 JPA repository interface.
2025-03-08T12:12:29.522+05:30  INFO 13932 --- [EmployeePayrollApp] [restartedMain] o.s.b.w.embedded.tomcat.TomcatWebServer  : Tomcat initialized with port 8080 (http)
2025-03-08T12:12:29.544+05:30  INFO 13932 --- [EmployeePayrollApp] [restartedMain] o.apache.catalina.core.StandardService   : Starting service [Tomcat]
2025-03-08T12:12:29.545+05:30  INFO 13932 --- [EmployeePayrollApp] [restartedMain] o.apache.catalina.core.StandardEngine    : Starting Servlet engine: [Apache Tomcat/10.1.36]
2025-03-08T12:12:29.612+05:30  INFO 13932 --- [EmployeePayrollApp] [restartedMain] o.a.c.c.C.[Tomcat].[localhost].[/]       : Initializing Spring embedded WebApplicationContext
2025-03-08T12:12:29.613+05:30  INFO 13932 --- [EmployeePayrollApp] [restartedMain] w.s.c.ServletWebServerApplicationContext : Root WebApplicationContext: initialization completed in 2293 ms
2025-03-08T12:12:29.898+05:30  INFO 13932 --- [EmployeePayrollApp] [restartedMain] o.hibernate.jpa.internal.util.LogHelper  : HHH000204: Processing PersistenceUnitInfo [name: default]
2025-03-08T12:12:29.995+05:30  INFO 13932 --- [EmployeePayrollApp] [restartedMain] org.hibernate.Version                    : HHH000412: Hibernate ORM core version 6.6.8.Final
2025-03-08T12:12:30.054+05:30  INFO 13932 --- [EmployeePayrollApp] [restartedMain] o.h.c.internal.RegionFactoryInitiator    : HHH000026: Second-level cache disabled
2025-03-08T12:12:30.515+05:30  INFO 13932 --- [EmployeePayrollApp] [restartedMain] o.s.o.j.p.SpringPersistenceUnitInfo      : No LoadTimeWeaver setup: ignoring JPA class transformer
2025-03-08T12:12:30.557+05:30  INFO 13932 --- [EmployeePayrollApp] [restartedMain] com.zaxxer.hikari.HikariDataSource       : HikariPool-1 - Starting...
2025-03-08T12:12:30.972+05:30  INFO 13932 --- [EmployeePayrollApp] [restartedMain] com.zaxxer.hikari.pool.HikariPool        : HikariPool-1 - Added connection com.mysql.cj.jdbc.ConnectionImpl@12b4c8bf
2025-03-08T12:12:30.975+05:30  INFO 13932 --- [EmployeePayrollApp] [restartedMain] com.zaxxer.hikari.HikariDataSource       : HikariPool-1 - Start completed.
2025-03-08T12:12:31.040+05:30  WARN 13932 --- [EmployeePayrollApp] [restartedMain] org.hibernate.orm.deprecation            : HHH90000025: MySQL8Dialect does not need to be specified explicitly using 'hibernate.dialect' (remove the property setting and it will be selected by default)
2025-03-08T12:12:31.041+05:30  WARN 13932 --- [EmployeePayrollApp] [restartedMain] org.hibernate.orm.deprecation            : HHH90000026: MySQL8Dialect has been deprecated; use org.hibernate.dialect.MySQLDialect instead
2025-03-08T12:12:31.072+05:30  INFO 13932 --- [EmployeePayrollApp] [restartedMain] org.hibernate.orm.connections.pooling    : HHH10001005: Database info:
	Database JDBC URL [Connecting through datasource 'HikariDataSource (HikariPool-1)']
	Database driver: undefined/unknown
	Database version: 8.0
	Autocommit mode: undefined/unknown
	Isolation level: undefined/unknown
	Minimum pool size: undefined/unknown
	Maximum pool size: undefined/unknown
2025-03-08T12:12:32.245+05:30  INFO 13932 --- [EmployeePayrollApp] [restartedMain] o.h.e.t.j.p.i.JtaPlatformInitiator       : HHH000489: No JTA platform available (set 'hibernate.transaction.jta.platform' to enable JTA platform integration)
2025-03-08T12:12:32.309+05:30  INFO 13932 --- [EmployeePayrollApp] [restartedMain] j.LocalContainerEntityManagerFactoryBean : Initialized JPA EntityManagerFactory for persistence unit 'default'
2025-03-08T12:12:32.757+05:30  WARN 13932 --- [EmployeePayrollApp] [restartedMain] JpaBaseConfiguration$JpaWebConfiguration : spring.jpa.open-in-view is enabled by default. Therefore, database queries may be performed during view rendering. Explicitly configure spring.jpa.open-in-view to disable this warning
2025-03-08T12:12:32.913+05:30 DEBUG 13932 --- [EmployeePayrollApp] [restartedMain] s.w.s.m.m.a.RequestMappingHandlerMapping : 7 mappings in 'requestMappingHandlerMapping'
2025-03-08T12:12:33.056+05:30 DEBUG 13932 --- [EmployeePayrollApp] [restartedMain] o.s.w.s.handler.SimpleUrlHandlerMapping  : Patterns [/webjars/**, /**] in 'resourceHandlerMapping'
2025-03-08T12:12:33.110+05:30 DEBUG 13932 --- [EmployeePayrollApp] [restartedMain] s.w.s.m.m.a.RequestMappingHandlerAdapter : ControllerAdvice beans: 0 @ModelAttribute, 0 @InitBinder, 1 RequestBodyAdvice, 1 ResponseBodyAdvice
2025-03-08T12:12:33.169+05:30 DEBUG 13932 --- [EmployeePayrollApp] [restartedMain] .m.m.a.ExceptionHandlerExceptionResolver : ControllerAdvice beans: 0 @ExceptionHandler, 1 ResponseBodyAdvice
2025-03-08T12:12:33.225+05:30  INFO 13932 --- [EmployeePayrollApp] [restartedMain] o.s.b.a.h2.H2ConsoleAutoConfiguration    : H2 console available at '/h2-console'. Database available at 'jdbc:mysql://localhost:3306/employee_db'
2025-03-08T12:12:33.340+05:30  INFO 13932 --- [EmployeePayrollApp] [restartedMain] o.s.b.d.a.OptionalLiveReloadServer       : LiveReload server is running on port 35729
2025-03-08T12:12:33.367+05:30  WARN 13932 --- [EmployeePayrollApp] [restartedMain] ConfigServletWebServerApplicationContext : Exception encountered during context initialization - cancelling refresh attempt: org.springframework.context.ApplicationContextException: Failed to start bean 'webServerStartStop'
2025-03-08T12:12:33.369+05:30  INFO 13932 --- [EmployeePayrollApp] [restartedMain] j.LocalContainerEntityManagerFactoryBean : Closing JPA EntityManagerFactory for persistence unit 'default'
2025-03-08T12:12:33.374+05:30  INFO 13932 --- [EmployeePayrollApp] [restartedMain] com.zaxxer.hikari.HikariDataSource       : HikariPool-1 - Shutdown initiated...
2025-03-08T12:12:33.392+05:30  INFO 13932 --- [EmployeePayrollApp] [restartedMain] com.zaxxer.hikari.HikariDataSource       : HikariPool-1 - Shutdown completed.
2025-03-08T12:12:33.415+05:30  INFO 13932 --- [EmployeePayrollApp] [restartedMain] .s.b.a.l.ConditionEvaluationReportLogger : 

Error starting ApplicationContext. To display the condition evaluation report re-run your application with 'debug' enabled.
2025-03-08T12:12:33.447+05:30 ERROR 13932 --- [EmployeePayrollApp] [restartedMain] o.s.b.d.LoggingFailureAnalysisReporter   : 

***************************
APPLICATION FAILED TO START
***************************

Description:

Web server failed to start. Port 8080 was already in use.

Action:

Identify and stop the process that's listening on port 8080 or configure this application to listen on another port.

2025-03-08T12:13:04.002+05:30  INFO 18712 --- [EmployeePayrollApp] [restartedMain] c.e.E.EmployeePayrollAppApplication      : Starting EmployeePayrollAppApplication using Java 18.0.2.1 with PID 18712 (C:\Users\asus\Desktop\EmployeePayrollApp\target\classes started by root in C:\Users\asus\Desktop\EmployeePayrollApp)
2025-03-08T12:13:04.005+05:30 DEBUG 18712 --- [EmployeePayrollApp] [restartedMain] c.e.E.EmployeePayrollAppApplication      : Running with Spring Boot v3.4.3, Spring v6.2.3
2025-03-08T12:13:04.007+05:30  INFO 18712 --- [EmployeePayrollApp] [restartedMain] c.e.E.EmployeePayrollAppApplication      : The following 1 profile is active: "dev"
2025-03-08T12:13:04.082+05:30  INFO 18712 --- [EmployeePayrollApp] [restartedMain] .e.DevToolsPropertyDefaultsPostProcessor : Devtools property defaults active! Set 'spring.devtools.add-properties' to 'false' to disable
2025-03-08T12:13:04.083+05:30  INFO 18712 --- [EmployeePayrollApp] [restartedMain] .e.DevToolsPropertyDefaultsPostProcessor : For additional web related logging consider setting the 'logging.level.web' property to 'DEBUG'
2025-03-08T12:13:05.130+05:30  INFO 18712 --- [EmployeePayrollApp] [restartedMain] .s.d.r.c.RepositoryConfigurationDelegate : Bootstrapping Spring Data JPA repositories in DEFAULT mode.
2025-03-08T12:13:05.234+05:30  INFO 18712 --- [EmployeePayrollApp] [restartedMain] .s.d.r.c.RepositoryConfigurationDelegate : Finished Spring Data repository scanning in 84 ms. Found 1 JPA repository interface.
2025-03-08T12:13:06.113+05:30  INFO 18712 --- [EmployeePayrollApp] [restartedMain] o.s.b.w.embedded.tomcat.TomcatWebServer  : Tomcat initialized with port 8080 (http)
2025-03-08T12:13:06.136+05:30  INFO 18712 --- [EmployeePayrollApp] [restartedMain] o.apache.catalina.core.StandardService   : Starting service [Tomcat]
2025-03-08T12:13:06.138+05:30  INFO 18712 --- [EmployeePayrollApp] [restartedMain] o.apache.catalina.core.StandardEngine    : Starting Servlet engine: [Apache Tomcat/10.1.36]
2025-03-08T12:13:06.207+05:30  INFO 18712 --- [EmployeePayrollApp] [restartedMain] o.a.c.c.C.[Tomcat].[localhost].[/]       : Initializing Spring embedded WebApplicationContext
2025-03-08T12:13:06.208+05:30  INFO 18712 --- [EmployeePayrollApp] [restartedMain] w.s.c.ServletWebServerApplicationContext : Root WebApplicationContext: initialization completed in 2125 ms
2025-03-08T12:13:06.486+05:30  INFO 18712 --- [EmployeePayrollApp] [restartedMain] o.hibernate.jpa.internal.util.LogHelper  : HHH000204: Processing PersistenceUnitInfo [name: default]
2025-03-08T12:13:06.561+05:30  INFO 18712 --- [EmployeePayrollApp] [restartedMain] org.hibernate.Version                    : HHH000412: Hibernate ORM core version 6.6.8.Final
2025-03-08T12:13:06.625+05:30  INFO 18712 --- [EmployeePayrollApp] [restartedMain] o.h.c.internal.RegionFactoryInitiator    : HHH000026: Second-level cache disabled
2025-03-08T12:13:07.065+05:30  INFO 18712 --- [EmployeePayrollApp] [restartedMain] o.s.o.j.p.SpringPersistenceUnitInfo      : No LoadTimeWeaver setup: ignoring JPA class transformer
2025-03-08T12:13:07.108+05:30  INFO 18712 --- [EmployeePayrollApp] [restartedMain] com.zaxxer.hikari.HikariDataSource       : HikariPool-1 - Starting...
2025-03-08T12:13:07.490+05:30  INFO 18712 --- [EmployeePayrollApp] [restartedMain] com.zaxxer.hikari.pool.HikariPool        : HikariPool-1 - Added connection com.mysql.cj.jdbc.ConnectionImpl@dc6c293
2025-03-08T12:13:07.492+05:30  INFO 18712 --- [EmployeePayrollApp] [restartedMain] com.zaxxer.hikari.HikariDataSource       : HikariPool-1 - Start completed.
2025-03-08T12:13:07.550+05:30  WARN 18712 --- [EmployeePayrollApp] [restartedMain] org.hibernate.orm.deprecation            : HHH90000025: MySQL8Dialect does not need to be specified explicitly using 'hibernate.dialect' (remove the property setting and it will be selected by default)
2025-03-08T12:13:07.551+05:30  WARN 18712 --- [EmployeePayrollApp] [restartedMain] org.hibernate.orm.deprecation            : HHH90000026: MySQL8Dialect has been deprecated; use org.hibernate.dialect.MySQLDialect instead
2025-03-08T12:13:07.583+05:30  INFO 18712 --- [EmployeePayrollApp] [restartedMain] org.hibernate.orm.connections.pooling    : HHH10001005: Database info:
	Database JDBC URL [Connecting through datasource 'HikariDataSource (HikariPool-1)']
	Database driver: undefined/unknown
	Database version: 8.0
	Autocommit mode: undefined/unknown
	Isolation level: undefined/unknown
	Minimum pool size: undefined/unknown
	Maximum pool size: undefined/unknown
2025-03-08T12:13:08.687+05:30  INFO 18712 --- [EmployeePayrollApp] [restartedMain] o.h.e.t.j.p.i.JtaPlatformInitiator       : HHH000489: No JTA platform available (set 'hibernate.transaction.jta.platform' to enable JTA platform integration)
2025-03-08T12:13:08.762+05:30  INFO 18712 --- [EmployeePayrollApp] [restartedMain] j.LocalContainerEntityManagerFactoryBean : Initialized JPA EntityManagerFactory for persistence unit 'default'
2025-03-08T12:13:09.073+05:30  WARN 18712 --- [EmployeePayrollApp] [restartedMain] JpaBaseConfiguration$JpaWebConfiguration : spring.jpa.open-in-view is enabled by default. Therefore, database queries may be performed during view rendering. Explicitly configure spring.jpa.open-in-view to disable this warning
2025-03-08T12:13:09.228+05:30 DEBUG 18712 --- [EmployeePayrollApp] [restartedMain] s.w.s.m.m.a.RequestMappingHandlerMapping : 7 mappings in 'requestMappingHandlerMapping'
2025-03-08T12:13:09.350+05:30 DEBUG 18712 --- [EmployeePayrollApp] [restartedMain] o.s.w.s.handler.SimpleUrlHandlerMapping  : Patterns [/webjars/**, /**] in 'resourceHandlerMapping'
2025-03-08T12:13:09.396+05:30 DEBUG 18712 --- [EmployeePayrollApp] [restartedMain] s.w.s.m.m.a.RequestMappingHandlerAdapter : ControllerAdvice beans: 0 @ModelAttribute, 0 @InitBinder, 1 RequestBodyAdvice, 1 ResponseBodyAdvice
2025-03-08T12:13:09.472+05:30 DEBUG 18712 --- [EmployeePayrollApp] [restartedMain] .m.m.a.ExceptionHandlerExceptionResolver : ControllerAdvice beans: 0 @ExceptionHandler, 1 ResponseBodyAdvice
2025-03-08T12:13:09.526+05:30  INFO 18712 --- [EmployeePayrollApp] [restartedMain] o.s.b.a.h2.H2ConsoleAutoConfiguration    : H2 console available at '/h2-console'. Database available at 'jdbc:mysql://localhost:3306/employee_db'
2025-03-08T12:13:09.645+05:30  INFO 18712 --- [EmployeePayrollApp] [restartedMain] o.s.b.d.a.OptionalLiveReloadServer       : LiveReload server is running on port 35729
2025-03-08T12:13:09.705+05:30  INFO 18712 --- [EmployeePayrollApp] [restartedMain] o.s.b.w.embedded.tomcat.TomcatWebServer  : Tomcat started on port 8080 (http) with context path '/'
2025-03-08T12:13:09.719+05:30  INFO 18712 --- [EmployeePayrollApp] [restartedMain] c.e.E.EmployeePayrollAppApplication      : Started EmployeePayrollAppApplication in 6.456 seconds (process running for 7.108)
2025-03-08T12:13:09.724+05:30  INFO 18712 --- [EmployeePayrollApp] [restartedMain] c.e.E.EmployeePayrollAppApplication      : Employee Payroll Application has started successuflly 
2025-03-08T12:13:44.594+05:30  INFO 18712 --- [EmployeePayrollApp] [http-nio-8080-exec-1] o.a.c.c.C.[Tomcat].[localhost].[/]       : Initializing Spring DispatcherServlet 'dispatcherServlet'
2025-03-08T12:13:44.594+05:30  INFO 18712 --- [EmployeePayrollApp] [http-nio-8080-exec-1] o.s.web.servlet.DispatcherServlet        : Initializing Servlet 'dispatcherServlet'
2025-03-08T12:13:44.594+05:30 DEBUG 18712 --- [EmployeePayrollApp] [http-nio-8080-exec-1] o.s.web.servlet.DispatcherServlet        : Detected StandardServletMultipartResolver
2025-03-08T12:13:44.595+05:30 DEBUG 18712 --- [EmployeePayrollApp] [http-nio-8080-exec-1] o.s.web.servlet.DispatcherServlet        : Detected AcceptHeaderLocaleResolver
2025-03-08T12:13:44.595+05:30 DEBUG 18712 --- [EmployeePayrollApp] [http-nio-8080-exec-1] o.s.web.servlet.DispatcherServlet        : Detected FixedThemeResolver
2025-03-08T12:13:44.599+05:30 DEBUG 18712 --- [EmployeePayrollApp] [http-nio-8080-exec-1] o.s.web.servlet.DispatcherServlet        : Detected org.springframework.web.servlet.view.DefaultRequestToViewNameTranslator@14ddcba4
2025-03-08T12:13:44.600+05:30 DEBUG 18712 --- [EmployeePayrollApp] [http-nio-8080-exec-1] o.s.web.servlet.DispatcherServlet        : Detected org.springframework.web.servlet.support.SessionFlashMapManager@76a6d414
2025-03-08T12:13:44.601+05:30 DEBUG 18712 --- [EmployeePayrollApp] [http-nio-8080-exec-1] o.s.web.servlet.DispatcherServlet        : enableLoggingRequestDetails='false': request parameters and headers will be masked to prevent unsafe logging of potentially sensitive data
2025-03-08T12:13:44.601+05:30  INFO 18712 --- [EmployeePayrollApp] [http-nio-8080-exec-1] o.s.web.servlet.DispatcherServlet        : Completed initialization in 7 ms
2025-03-08T12:13:44.609+05:30 DEBUG 18712 --- [EmployeePayrollApp] [http-nio-8080-exec-1] o.s.web.servlet.DispatcherServlet        : GET "/employees/get", parameters={}
2025-03-08T12:13:44.625+05:30 DEBUG 18712 --- [EmployeePayrollApp] [http-nio-8080-exec-1] s.w.s.m.m.a.RequestMappingHandlerMapping : Mapped to com.example.EmployeePayrollApp.controller.EmployeeController#getallEmployees()
2025-03-08T12:13:44.648+05:30  INFO 18712 --- [EmployeePayrollApp] [http-nio-8080-exec-1] c.e.E.controller.EmployeeController      : Fetching all employees 
2025-03-08T12:13:44.834+05:30 DEBUG 18712 --- [EmployeePayrollApp] [http-nio-8080-exec-1] org.hibernate.SQL                        : 
    select
        e1_0.id,
        e1_0.department,
        e1_0.name,
        e1_0.salary 
    from
        employees e1_0
2025-03-08T12:13:44.912+05:30  INFO 18712 --- [EmployeePayrollApp] [http-nio-8080-exec-1] c.e.E.controller.EmployeeController      : Total employees found:4
2025-03-08T12:13:44.938+05:30 DEBUG 18712 --- [EmployeePayrollApp] [http-nio-8080-exec-1] m.m.a.RequestResponseBodyMethodProcessor : Using 'application/json', given [*/*] and supported [application/json, application/*+json]
2025-03-08T12:13:44.940+05:30 DEBUG 18712 --- [EmployeePayrollApp] [http-nio-8080-exec-1] m.m.a.RequestResponseBodyMethodProcessor : Writing [[com.example.EmployeePayrollApp.model.Employee@58488abf, com.example.EmployeePayrollApp.model.Employ (truncated)...]
2025-03-08T12:13:45.016+05:30 DEBUG 18712 --- [EmployeePayrollApp] [http-nio-8080-exec-1] o.s.web.servlet.DispatcherServlet        : Completed 200 OK
2025-03-08T12:16:18.608+05:30  INFO 18712 --- [EmployeePayrollApp] [SpringApplicationShutdownHook] o.s.b.w.e.tomcat.GracefulShutdown        : Commencing graceful shutdown. Waiting for active requests to complete
2025-03-08T12:16:18.762+05:30  INFO 18712 --- [EmployeePayrollApp] [tomcat-shutdown] o.s.b.w.e.tomcat.GracefulShutdown        : Graceful shutdown complete
2025-03-08T12:16:18.766+05:30  INFO 18712 --- [EmployeePayrollApp] [SpringApplicationShutdownHook] j.LocalContainerEntityManagerFactoryBean : Closing JPA EntityManagerFactory for persistence unit 'default'
2025-03-08T12:16:18.770+05:30  INFO 18712 --- [EmployeePayrollApp] [SpringApplicationShutdownHook] com.zaxxer.hikari.HikariDataSource       : HikariPool-1 - Shutdown initiated...
2025-03-08T12:16:18.780+05:30  INFO 18712 --- [EmployeePayrollApp] [SpringApplicationShutdownHook] com.zaxxer.hikari.HikariDataSource       : HikariPool-1 - Shutdown completed.
2025-03-08T12:28:36.593+05:30  INFO 1520 --- [EmployeePayrollApp] [restartedMain] c.e.E.EmployeePayrollAppApplication      : Starting EmployeePayrollAppApplication using Java 18.0.2.1 with PID 1520 (C:\Users\asus\Desktop\EmployeePayrollApp\target\classes started by root in C:\Users\asus\Desktop\EmployeePayrollApp)
2025-03-08T12:28:36.596+05:30 DEBUG 1520 --- [EmployeePayrollApp] [restartedMain] c.e.E.EmployeePayrollAppApplication      : Running with Spring Boot v3.4.3, Spring v6.2.3
2025-03-08T12:28:36.597+05:30  INFO 1520 --- [EmployeePayrollApp] [restartedMain] c.e.E.EmployeePayrollAppApplication      : The following 1 profile is active: "dev"
2025-03-08T12:28:36.687+05:30  INFO 1520 --- [EmployeePayrollApp] [restartedMain] .e.DevToolsPropertyDefaultsPostProcessor : Devtools property defaults active! Set 'spring.devtools.add-properties' to 'false' to disable
2025-03-08T12:28:36.687+05:30  INFO 1520 --- [EmployeePayrollApp] [restartedMain] .e.DevToolsPropertyDefaultsPostProcessor : For additional web related logging consider setting the 'logging.level.web' property to 'DEBUG'
2025-03-08T12:28:37.760+05:30  INFO 1520 --- [EmployeePayrollApp] [restartedMain] .s.d.r.c.RepositoryConfigurationDelegate : Bootstrapping Spring Data JPA repositories in DEFAULT mode.
2025-03-08T12:28:37.865+05:30  INFO 1520 --- [EmployeePayrollApp] [restartedMain] .s.d.r.c.RepositoryConfigurationDelegate : Finished Spring Data repository scanning in 79 ms. Found 1 JPA repository interface.
2025-03-08T12:28:38.763+05:30  INFO 1520 --- [EmployeePayrollApp] [restartedMain] o.s.b.w.embedded.tomcat.TomcatWebServer  : Tomcat initialized with port 8080 (http)
2025-03-08T12:28:38.781+05:30  INFO 1520 --- [EmployeePayrollApp] [restartedMain] o.apache.catalina.core.StandardService   : Starting service [Tomcat]
2025-03-08T12:28:38.782+05:30  INFO 1520 --- [EmployeePayrollApp] [restartedMain] o.apache.catalina.core.StandardEngine    : Starting Servlet engine: [Apache Tomcat/10.1.36]
2025-03-08T12:28:38.838+05:30  INFO 1520 --- [EmployeePayrollApp] [restartedMain] o.a.c.c.C.[Tomcat].[localhost].[/]       : Initializing Spring embedded WebApplicationContext
2025-03-08T12:28:38.838+05:30  INFO 1520 --- [EmployeePayrollApp] [restartedMain] w.s.c.ServletWebServerApplicationContext : Root WebApplicationContext: initialization completed in 2150 ms
2025-03-08T12:28:39.106+05:30  INFO 1520 --- [EmployeePayrollApp] [restartedMain] o.hibernate.jpa.internal.util.LogHelper  : HHH000204: Processing PersistenceUnitInfo [name: default]
2025-03-08T12:28:39.182+05:30  INFO 1520 --- [EmployeePayrollApp] [restartedMain] org.hibernate.Version                    : HHH000412: Hibernate ORM core version 6.6.8.Final
2025-03-08T12:28:39.236+05:30  INFO 1520 --- [EmployeePayrollApp] [restartedMain] o.h.c.internal.RegionFactoryInitiator    : HHH000026: Second-level cache disabled
2025-03-08T12:28:39.674+05:30  INFO 1520 --- [EmployeePayrollApp] [restartedMain] o.s.o.j.p.SpringPersistenceUnitInfo      : No LoadTimeWeaver setup: ignoring JPA class transformer
2025-03-08T12:28:39.732+05:30  INFO 1520 --- [EmployeePayrollApp] [restartedMain] com.zaxxer.hikari.HikariDataSource       : HikariPool-1 - Starting...
2025-03-08T12:28:40.149+05:30  INFO 1520 --- [EmployeePayrollApp] [restartedMain] com.zaxxer.hikari.pool.HikariPool        : HikariPool-1 - Added connection com.mysql.cj.jdbc.ConnectionImpl@61dddfd2
2025-03-08T12:28:40.152+05:30  INFO 1520 --- [EmployeePayrollApp] [restartedMain] com.zaxxer.hikari.HikariDataSource       : HikariPool-1 - Start completed.
2025-03-08T12:28:40.207+05:30  WARN 1520 --- [EmployeePayrollApp] [restartedMain] org.hibernate.orm.deprecation            : HHH90000025: MySQL8Dialect does not need to be specified explicitly using 'hibernate.dialect' (remove the property setting and it will be selected by default)
2025-03-08T12:28:40.209+05:30  WARN 1520 --- [EmployeePayrollApp] [restartedMain] org.hibernate.orm.deprecation            : HHH90000026: MySQL8Dialect has been deprecated; use org.hibernate.dialect.MySQLDialect instead
2025-03-08T12:28:40.241+05:30  INFO 1520 --- [EmployeePayrollApp] [restartedMain] org.hibernate.orm.connections.pooling    : HHH10001005: Database info:
	Database JDBC URL [Connecting through datasource 'HikariDataSource (HikariPool-1)']
	Database driver: undefined/unknown
	Database version: 8.0
	Autocommit mode: undefined/unknown
	Isolation level: undefined/unknown
	Minimum pool size: undefined/unknown
	Maximum pool size: undefined/unknown
2025-03-08T12:28:41.312+05:30  INFO 1520 --- [EmployeePayrollApp] [restartedMain] o.h.e.t.j.p.i.JtaPlatformInitiator       : HHH000489: No JTA platform available (set 'hibernate.transaction.jta.platform' to enable JTA platform integration)
2025-03-08T12:28:41.377+05:30  INFO 1520 --- [EmployeePayrollApp] [restartedMain] j.LocalContainerEntityManagerFactoryBean : Initialized JPA EntityManagerFactory for persistence unit 'default'
2025-03-08T12:28:41.801+05:30  WARN 1520 --- [EmployeePayrollApp] [restartedMain] JpaBaseConfiguration$JpaWebConfiguration : spring.jpa.open-in-view is enabled by default. Therefore, database queries may be performed during view rendering. Explicitly configure spring.jpa.open-in-view to disable this warning
2025-03-08T12:28:41.938+05:30 DEBUG 1520 --- [EmployeePayrollApp] [restartedMain] s.w.s.m.m.a.RequestMappingHandlerMapping : 7 mappings in 'requestMappingHandlerMapping'
2025-03-08T12:28:42.065+05:30 DEBUG 1520 --- [EmployeePayrollApp] [restartedMain] o.s.w.s.handler.SimpleUrlHandlerMapping  : Patterns [/webjars/**, /**] in 'resourceHandlerMapping'
2025-03-08T12:28:42.114+05:30 DEBUG 1520 --- [EmployeePayrollApp] [restartedMain] s.w.s.m.m.a.RequestMappingHandlerAdapter : ControllerAdvice beans: 0 @ModelAttribute, 0 @InitBinder, 1 RequestBodyAdvice, 1 ResponseBodyAdvice
2025-03-08T12:28:42.177+05:30 DEBUG 1520 --- [EmployeePayrollApp] [restartedMain] .m.m.a.ExceptionHandlerExceptionResolver : ControllerAdvice beans: 0 @ExceptionHandler, 1 ResponseBodyAdvice
2025-03-08T12:28:42.241+05:30  INFO 1520 --- [EmployeePayrollApp] [restartedMain] o.s.b.a.h2.H2ConsoleAutoConfiguration    : H2 console available at '/h2-console'. Database available at 'jdbc:mysql://localhost:3306/employee_db'
2025-03-08T12:28:42.356+05:30  INFO 1520 --- [EmployeePayrollApp] [restartedMain] o.s.b.d.a.OptionalLiveReloadServer       : LiveReload server is running on port 35729
2025-03-08T12:28:42.416+05:30  INFO 1520 --- [EmployeePayrollApp] [restartedMain] o.s.b.w.embedded.tomcat.TomcatWebServer  : Tomcat started on port 8080 (http) with context path '/'
2025-03-08T12:28:42.431+05:30  INFO 1520 --- [EmployeePayrollApp] [restartedMain] c.e.E.EmployeePayrollAppApplication      : Started EmployeePayrollAppApplication in 6.613 seconds (process running for 7.3)
2025-03-08T12:28:42.436+05:30  INFO 1520 --- [EmployeePayrollApp] [restartedMain] c.e.E.EmployeePayrollAppApplication      : Employee Payroll Application has started successuflly on port 8080
2025-03-08T12:42:01.346+05:30  INFO 1520 --- [EmployeePayrollApp] [SpringApplicationShutdownHook] o.s.b.w.e.tomcat.GracefulShutdown        : Commencing graceful shutdown. Waiting for active requests to complete
2025-03-08T12:42:01.573+05:30  INFO 1520 --- [EmployeePayrollApp] [tomcat-shutdown] o.s.b.w.e.tomcat.GracefulShutdown        : Graceful shutdown complete
2025-03-08T12:42:01.591+05:30  INFO 1520 --- [EmployeePayrollApp] [SpringApplicationShutdownHook] j.LocalContainerEntityManagerFactoryBean : Closing JPA EntityManagerFactory for persistence unit 'default'
2025-03-08T12:42:01.597+05:30  INFO 1520 --- [EmployeePayrollApp] [SpringApplicationShutdownHook] com.zaxxer.hikari.HikariDataSource       : HikariPool-1 - Shutdown initiated...
2025-03-08T12:42:01.612+05:30  INFO 1520 --- [EmployeePayrollApp] [SpringApplicationShutdownHook] com.zaxxer.hikari.HikariDataSource       : HikariPool-1 - Shutdown completed.
